{"/app/src/config.js": {"path":"/app/src/config.js","statementMap":{"0":{"start":{"line":1,"column":15},"end":{"line":1,"column":32}},"1":{"start":{"line":2,"column":15},"end":{"line":2,"column":41}},"2":{"start":{"line":4,"column":22},"end":{"line":66,"column":1}},"3":{"start":{"line":6,"column":4},"end":{"line":6,"column":20}},"4":{"start":{"line":7,"column":19},"end":{"line":37,"column":5}},"5":{"start":{"line":38,"column":4},"end":{"line":38,"column":26}},"6":{"start":{"line":39,"column":4},"end":{"line":39,"column":18}},"7":{"start":{"line":42,"column":33},"end":{"line":42,"column":43}},"8":{"start":{"line":43,"column":27},"end":{"line":56,"column":5}},"9":{"start":{"line":58,"column":4},"end":{"line":64,"column":5}},"10":{"start":{"line":59,"column":6},"end":{"line":63,"column":7}},"11":{"start":{"line":60,"column":8},"end":{"line":62,"column":10}},"12":{"start":{"line":68,"column":0},"end":{"line":68,"column":31}}},"fnMap":{"0":{"name":"(anonymous_0)","decl":{"start":{"line":5,"column":2},"end":{"line":5,"column":3}},"loc":{"start":{"line":5,"column":9},"end":{"line":40,"column":3}},"line":5},"1":{"name":"(anonymous_1)","decl":{"start":{"line":41,"column":2},"end":{"line":41,"column":3}},"loc":{"start":{"line":41,"column":19},"end":{"line":65,"column":3}},"line":41}},"branchMap":{"0":{"loc":{"start":{"line":9,"column":14},"end":{"line":9,"column":43}},"type":"binary-expr","locations":[{"start":{"line":9,"column":14},"end":{"line":9,"column":30}},{"start":{"line":9,"column":34},"end":{"line":9,"column":43}}],"line":9},"1":{"loc":{"start":{"line":10,"column":23},"end":{"line":10,"column":49}},"type":"binary-expr","locations":[{"start":{"line":10,"column":23},"end":{"line":10,"column":39}},{"start":{"line":10,"column":43},"end":{"line":10,"column":49}}],"line":10},"2":{"loc":{"start":{"line":13,"column":18},"end":{"line":13,"column":58}},"type":"binary-expr","locations":[{"start":{"line":13,"column":18},"end":{"line":13,"column":46}},{"start":{"line":13,"column":50},"end":{"line":13,"column":58}}],"line":13},"3":{"loc":{"start":{"line":15,"column":18},"end":{"line":15,"column":62}},"type":"binary-expr","locations":[{"start":{"line":15,"column":18},"end":{"line":15,"column":50}},{"start":{"line":15,"column":54},"end":{"line":15,"column":62}}],"line":15},"4":{"loc":{"start":{"line":16,"column":18},"end":{"line":16,"column":66}},"type":"binary-expr","locations":[{"start":{"line":16,"column":18},"end":{"line":16,"column":50}},{"start":{"line":16,"column":54},"end":{"line":16,"column":66}}],"line":16},"5":{"loc":{"start":{"line":17,"column":18},"end":{"line":17,"column":62}},"type":"binary-expr","locations":[{"start":{"line":17,"column":18},"end":{"line":17,"column":50}},{"start":{"line":17,"column":54},"end":{"line":17,"column":62}}],"line":17},"6":{"loc":{"start":{"line":24,"column":10},"end":{"line":24,"column":73}},"type":"binary-expr","locations":[{"start":{"line":24,"column":10},"end":{"line":24,"column":45}},{"start":{"line":24,"column":49},"end":{"line":24,"column":73}}],"line":24},"7":{"loc":{"start":{"line":27,"column":15},"end":{"line":27,"column":46}},"type":"binary-expr","locations":[{"start":{"line":27,"column":15},"end":{"line":27,"column":36}},{"start":{"line":27,"column":40},"end":{"line":27,"column":46}}],"line":27},"8":{"loc":{"start":{"line":31,"column":21},"end":{"line":31,"column":73}},"type":"binary-expr","locations":[{"start":{"line":31,"column":21},"end":{"line":31,"column":57}},{"start":{"line":31,"column":61},"end":{"line":31,"column":73}}],"line":31},"9":{"loc":{"start":{"line":34,"column":21},"end":{"line":34,"column":76}},"type":"binary-expr","locations":[{"start":{"line":34,"column":21},"end":{"line":34,"column":58}},{"start":{"line":34,"column":62},"end":{"line":34,"column":76}}],"line":34},"10":{"loc":{"start":{"line":59,"column":6},"end":{"line":63,"column":7}},"type":"if","locations":[{"start":{"line":59,"column":6},"end":{"line":63,"column":7}},{"start":{},"end":{}}],"line":59},"11":{"loc":{"start":{"line":59,"column":10},"end":{"line":59,"column":59}},"type":"binary-expr","locations":[{"start":{"line":59,"column":10},"end":{"line":59,"column":33}},{"start":{"line":59,"column":37},"end":{"line":59,"column":59}}],"line":59}},"s":{"0":1,"1":1,"2":1,"3":1,"4":1,"5":1,"6":1,"7":1,"8":1,"9":1,"10":2,"11":0,"12":1},"f":{"0":1,"1":1},"b":{"0":[1,1],"1":[1,1],"2":[1,0],"3":[1,1],"4":[1,1],"5":[1,1],"6":[1,1],"7":[1,1],"8":[1,1],"9":[1,1],"10":[0,2],"11":[2,0]},"_coverageSchema":"1a1c01bbd47fc00a2c39e90264f33305004495a9","hash":"ab504da4fdfa15038d0ed21f25def3bb448b8454"}
,"/app/src/errors.js": {"path":"/app/src/errors.js","statementMap":{"0":{"start":{"line":3,"column":4},"end":{"line":3,"column":19}},"1":{"start":{"line":4,"column":4},"end":{"line":4,"column":33}},"2":{"start":{"line":5,"column":4},"end":{"line":5,"column":27}},"3":{"start":{"line":9,"column":0},"end":{"line":9,"column":26}}},"fnMap":{"0":{"name":"(anonymous_0)","decl":{"start":{"line":2,"column":2},"end":{"line":2,"column":3}},"loc":{"start":{"line":2,"column":35},"end":{"line":6,"column":3}},"line":2}},"branchMap":{},"s":{"0":6,"1":6,"2":6,"3":2},"f":{"0":6},"b":{},"_coverageSchema":"1a1c01bbd47fc00a2c39e90264f33305004495a9","hash":"b0508098f042288022c9f78beac3ec770ca1dc8f"}
,"/app/src/logger.js": {"path":"/app/src/logger.js","statementMap":{"0":{"start":{"line":1,"column":16},"end":{"line":1,"column":34}},"1":{"start":{"line":2,"column":22},"end":{"line":2,"column":41}},"2":{"start":{"line":4,"column":15},"end":{"line":4,"column":35}},"3":{"start":{"line":5,"column":30},"end":{"line":5,"column":52}},"4":{"start":{"line":7,"column":26},"end":{"line":7,"column":49}},"5":{"start":{"line":9,"column":28},"end":{"line":15,"column":2}},"6":{"start":{"line":10,"column":24},"end":{"line":10,"column":67}},"7":{"start":{"line":11,"column":2},"end":{"line":13,"column":3}},"8":{"start":{"line":12,"column":4},"end":{"line":12,"column":39}},"9":{"start":{"line":14,"column":2},"end":{"line":14,"column":14}},"10":{"start":{"line":17,"column":15},"end":{"line":58,"column":2}},"11":{"start":{"line":32,"column":27},"end":{"line":32,"column":59}},"12":{"start":{"line":33,"column":10},"end":{"line":35,"column":11}},"13":{"start":{"line":34,"column":12},"end":{"line":34,"column":65}},"14":{"start":{"line":36,"column":27},"end":{"line":41,"column":12}},"15":{"start":{"line":42,"column":10},"end":{"line":52,"column":11}},"16":{"start":{"line":46,"column":37},"end":{"line":48,"column":13}},"17":{"start":{"line":47,"column":58},"end":{"line":47,"column":73}},"18":{"start":{"line":49,"column":12},"end":{"line":51,"column":13}},"19":{"start":{"line":50,"column":14},"end":{"line":50,"column":67}},"20":{"start":{"line":53,"column":10},"end":{"line":53,"column":28}},"21":{"start":{"line":61,"column":2},"end":{"line":63,"column":5}},"22":{"start":{"line":62,"column":4},"end":{"line":62,"column":11}},"23":{"start":{"line":66,"column":0},"end":{"line":66,"column":72}}},"fnMap":{"0":{"name":"(anonymous_0)","decl":{"start":{"line":9,"column":43},"end":{"line":9,"column":44}},"loc":{"start":{"line":9,"column":53},"end":{"line":15,"column":1}},"line":9},"1":{"name":"(anonymous_1)","decl":{"start":{"line":31,"column":30},"end":{"line":31,"column":31}},"loc":{"start":{"line":31,"column":40},"end":{"line":54,"column":9}},"line":31},"2":{"name":"(anonymous_2)","decl":{"start":{"line":47,"column":46},"end":{"line":47,"column":47}},"loc":{"start":{"line":47,"column":58},"end":{"line":47,"column":73}},"line":47},"3":{"name":"initializeLoggerContext","decl":{"start":{"line":60,"column":9},"end":{"line":60,"column":32}},"loc":{"start":{"line":60,"column":49},"end":{"line":64,"column":1}},"line":60},"4":{"name":"(anonymous_4)","decl":{"start":{"line":61,"column":62},"end":{"line":61,"column":63}},"loc":{"start":{"line":61,"column":68},"end":{"line":63,"column":3}},"line":61}},"branchMap":{"0":{"loc":{"start":{"line":11,"column":2},"end":{"line":13,"column":3}},"type":"if","locations":[{"start":{"line":11,"column":2},"end":{"line":13,"column":3}},{"start":{},"end":{}}],"line":11},"1":{"loc":{"start":{"line":33,"column":10},"end":{"line":35,"column":11}},"type":"if","locations":[{"start":{"line":33,"column":10},"end":{"line":35,"column":11}},{"start":{},"end":{}}],"line":33},"2":{"loc":{"start":{"line":42,"column":10},"end":{"line":52,"column":11}},"type":"if","locations":[{"start":{"line":42,"column":10},"end":{"line":52,"column":11}},{"start":{},"end":{}}],"line":42},"3":{"loc":{"start":{"line":43,"column":12},"end":{"line":44,"column":45}},"type":"binary-expr","locations":[{"start":{"line":43,"column":12},"end":{"line":43,"column":44}},{"start":{"line":44,"column":12},"end":{"line":44,"column":45}}],"line":43},"4":{"loc":{"start":{"line":49,"column":12},"end":{"line":51,"column":13}},"type":"if","locations":[{"start":{"line":49,"column":12},"end":{"line":51,"column":13}},{"start":{},"end":{}}],"line":49}},"s":{"0":1,"1":1,"2":1,"3":1,"4":1,"5":1,"6":0,"7":0,"8":0,"9":0,"10":1,"11":0,"12":0,"13":0,"14":0,"15":0,"16":0,"17":0,"18":0,"19":0,"20":0,"21":0,"22":0,"23":1},"f":{"0":0,"1":0,"2":0,"3":0,"4":0},"b":{"0":[0,0],"1":[0,0],"2":[0,0],"3":[0,0],"4":[0,0]},"_coverageSchema":"1a1c01bbd47fc00a2c39e90264f33305004495a9","hash":"93d9b7ae31108c605bd765b7c43e00a72e908d69"}
,"/app/src/prompts.js": {"path":"/app/src/prompts.js","statementMap":{"0":{"start":{"line":1,"column":25},"end":{"line":45,"column":1}},"1":{"start":{"line":47,"column":0},"end":{"line":47,"column":34}}},"fnMap":{},"branchMap":{},"s":{"0":1,"1":1},"f":{},"b":{},"_coverageSchema":"1a1c01bbd47fc00a2c39e90264f33305004495a9","hash":"3a385465b742f965a433cfa63b6ad341ee7802f7"}
,"/app/src/reasonerService.js": {"path":"/app/src/reasonerService.js","statementMap":{"0":{"start":{"line":1,"column":11},"end":{"line":1,"column":32}},"1":{"start":{"line":2,"column":15},"end":{"line":2,"column":34}},"2":{"start":{"line":3,"column":17},"end":{"line":3,"column":36}},"3":{"start":{"line":5,"column":24},"end":{"line":98,"column":1}},"4":{"start":{"line":7,"column":4},"end":{"line":96,"column":7}},"5":{"start":{"line":8,"column":28},"end":{"line":8,"column":39}},"6":{"start":{"line":9,"column":6},"end":{"line":95,"column":7}},"7":{"start":{"line":10,"column":8},"end":{"line":85,"column":11}},"8":{"start":{"line":12,"column":12},"end":{"line":70,"column":15}},"9":{"start":{"line":14,"column":32},"end":{"line":14,"column":34}},"10":{"start":{"line":15,"column":39},"end":{"line":42,"column":17}},"11":{"start":{"line":16,"column":18},"end":{"line":19,"column":19}},"12":{"start":{"line":17,"column":18},"end":{"line":17,"column":35}},"13":{"start":{"line":18,"column":18},"end":{"line":18,"column":25}},"14":{"start":{"line":20,"column":18},"end":{"line":24,"column":19}},"15":{"start":{"line":21,"column":20},"end":{"line":23,"column":22}},"16":{"start":{"line":25,"column":18},"end":{"line":41,"column":19}},"17":{"start":{"line":26,"column":20},"end":{"line":26,"column":57}},"18":{"start":{"line":27,"column":20},"end":{"line":27,"column":27}},"19":{"start":{"line":29,"column":20},"end":{"line":33,"column":23}},"20":{"start":{"line":34,"column":20},"end":{"line":39,"column":22}},"21":{"start":{"line":40,"column":20},"end":{"line":40,"column":27}},"22":{"start":{"line":43,"column":16},"end":{"line":58,"column":17}},"23":{"start":{"line":44,"column":18},"end":{"line":44,"column":55}},"24":{"start":{"line":46,"column":18},"end":{"line":50,"column":21}},"25":{"start":{"line":51,"column":18},"end":{"line":56,"column":20}},"26":{"start":{"line":57,"column":18},"end":{"line":57,"column":25}},"27":{"start":{"line":61,"column":16},"end":{"line":65,"column":19}},"28":{"start":{"line":66,"column":16},"end":{"line":68,"column":18}},"29":{"start":{"line":73,"column":12},"end":{"line":77,"column":15}},"30":{"start":{"line":78,"column":12},"end":{"line":83,"column":14}},"31":{"start":{"line":87,"column":8},"end":{"line":93,"column":11}},"32":{"start":{"line":94,"column":8},"end":{"line":94,"column":72}},"33":{"start":{"line":100,"column":0},"end":{"line":100,"column":33}}},"fnMap":{"0":{"name":"(anonymous_0)","decl":{"start":{"line":6,"column":2},"end":{"line":6,"column":3}},"loc":{"start":{"line":6,"column":25},"end":{"line":97,"column":3}},"line":6},"1":{"name":"(anonymous_1)","decl":{"start":{"line":7,"column":23},"end":{"line":7,"column":24}},"loc":{"start":{"line":7,"column":44},"end":{"line":96,"column":5}},"line":7},"2":{"name":"(anonymous_2)","decl":{"start":{"line":11,"column":19},"end":{"line":11,"column":20}},"loc":{"start":{"line":11,"column":25},"end":{"line":71,"column":11}},"line":11},"3":{"name":"(anonymous_3)","decl":{"start":{"line":13,"column":23},"end":{"line":13,"column":24}},"loc":{"start":{"line":13,"column":29},"end":{"line":59,"column":15}},"line":13},"4":{"name":"(anonymous_4)","decl":{"start":{"line":15,"column":39},"end":{"line":15,"column":40}},"loc":{"start":{"line":15,"column":51},"end":{"line":42,"column":17}},"line":15},"5":{"name":"(anonymous_5)","decl":{"start":{"line":60,"column":21},"end":{"line":60,"column":22}},"loc":{"start":{"line":60,"column":30},"end":{"line":69,"column":15}},"line":60},"6":{"name":"(anonymous_6)","decl":{"start":{"line":72,"column":17},"end":{"line":72,"column":18}},"loc":{"start":{"line":72,"column":26},"end":{"line":84,"column":11}},"line":72}},"branchMap":{"0":{"loc":{"start":{"line":16,"column":18},"end":{"line":19,"column":19}},"type":"if","locations":[{"start":{"line":16,"column":18},"end":{"line":19,"column":19}},{"start":{},"end":{}}],"line":16},"1":{"loc":{"start":{"line":16,"column":22},"end":{"line":16,"column":65}},"type":"binary-expr","locations":[{"start":{"line":16,"column":22},"end":{"line":16,"column":29}},{"start":{"line":16,"column":33},"end":{"line":16,"column":65}}],"line":16},"2":{"loc":{"start":{"line":20,"column":18},"end":{"line":24,"column":19}},"type":"if","locations":[{"start":{"line":20,"column":18},"end":{"line":24,"column":19}},{"start":{},"end":{}}],"line":20}},"s":{"0":1,"1":1,"2":1,"3":1,"4":7,"5":7,"6":6,"7":6,"8":5,"9":3,"10":3,"11":5,"12":2,"13":2,"14":3,"15":3,"16":3,"17":3,"18":3,"19":0,"20":0,"21":0,"22":3,"23":3,"24":1,"25":0,"26":0,"27":1,"28":0,"29":1,"30":0,"31":4,"32":0,"33":1},"f":{"0":7,"1":7,"2":5,"3":3,"4":5,"5":1,"6":1},"b":{"0":[2,3],"1":[5,5],"2":[3,0]},"_coverageSchema":"1a1c01bbd47fc00a2c39e90264f33305004495a9","hash":"c75cc373ae73dbb8010a5863dd95cb670ac461df"}
}
