TN:
SF:src/config.js
FN:5,(anonymous_0)
FN:41,(anonymous_1)
FNF:2
FNH:2
FNDA:1,(anonymous_0)
FNDA:1,(anonymous_1)
DA:1,1
DA:2,1
DA:4,1
DA:6,1
DA:7,1
DA:38,1
DA:39,1
DA:42,1
DA:43,1
DA:58,1
DA:59,2
DA:60,0
DA:68,1
LF:13
LH:12
BRDA:9,0,0,1
BRDA:9,0,1,1
BRDA:10,1,0,1
BRDA:10,1,1,1
BRDA:13,2,0,1
BRDA:13,2,1,0
BRDA:15,3,0,1
BRDA:15,3,1,1
BRDA:16,4,0,1
BRDA:16,4,1,1
BRDA:17,5,0,1
BRDA:17,5,1,1
BRDA:24,6,0,1
BRDA:24,6,1,1
BRDA:27,7,0,1
BRDA:27,7,1,1
BRDA:31,8,0,1
BRDA:31,8,1,1
BRDA:34,9,0,1
BRDA:34,9,1,1
BRDA:59,10,0,0
BRDA:59,10,1,2
BRDA:59,11,0,2
BRDA:59,11,1,0
BRF:24
BRH:21
end_of_record
TN:
SF:src/errors.js
FN:2,(anonymous_0)
FNF:1
FNH:1
FNDA:6,(anonymous_0)
DA:3,6
DA:4,6
DA:5,6
DA:9,2
LF:4
LH:4
BRF:0
BRH:0
end_of_record
TN:
SF:src/logger.js
FN:9,(anonymous_0)
FN:31,(anonymous_1)
FN:47,(anonymous_2)
FN:60,initializeLoggerContext
FN:61,(anonymous_4)
FNF:5
FNH:0
FNDA:0,(anonymous_0)
FNDA:0,(anonymous_1)
FNDA:0,(anonymous_2)
FNDA:0,initializeLoggerContext
FNDA:0,(anonymous_4)
DA:1,1
DA:2,1
DA:4,1
DA:5,1
DA:7,1
DA:9,1
DA:10,0
DA:11,0
DA:12,0
DA:14,0
DA:17,1
DA:32,0
DA:33,0
DA:34,0
DA:36,0
DA:42,0
DA:46,0
DA:47,0
DA:49,0
DA:50,0
DA:53,0
DA:61,0
DA:62,0
DA:66,1
LF:24
LH:8
BRDA:11,0,0,0
BRDA:11,0,1,0
BRDA:33,1,0,0
BRDA:33,1,1,0
BRDA:42,2,0,0
BRDA:42,2,1,0
BRDA:43,3,0,0
BRDA:43,3,1,0
BRDA:49,4,0,0
BRDA:49,4,1,0
BRF:10
BRH:0
end_of_record
TN:
SF:src/prompts.js
FNF:0
FNH:0
DA:1,1
DA:47,1
LF:2
LH:2
BRF:0
BRH:0
end_of_record
TN:
SF:src/reasonerService.js
FN:6,(anonymous_0)
FN:7,(anonymous_1)
FN:11,(anonymous_2)
FN:13,(anonymous_3)
FN:15,(anonymous_4)
FN:60,(anonymous_5)
FN:72,(anonymous_6)
FNF:7
FNH:7
FNDA:7,(anonymous_0)
FNDA:7,(anonymous_1)
FNDA:5,(anonymous_2)
FNDA:3,(anonymous_3)
FNDA:5,(anonymous_4)
FNDA:1,(anonymous_5)
FNDA:1,(anonymous_6)
DA:1,1
DA:2,1
DA:3,1
DA:5,1
DA:7,7
DA:8,7
DA:9,6
DA:10,6
DA:12,5
DA:14,3
DA:15,3
DA:16,5
DA:17,2
DA:18,2
DA:20,3
DA:21,3
DA:25,3
DA:26,3
DA:27,3
DA:29,0
DA:34,0
DA:40,0
DA:43,3
DA:44,3
DA:46,1
DA:51,0
DA:57,0
DA:61,1
DA:66,0
DA:73,1
DA:78,0
DA:87,4
DA:94,0
DA:100,1
LF:34
LH:26
BRDA:16,0,0,2
BRDA:16,0,1,3
BRDA:16,1,0,5
BRDA:16,1,1,5
BRDA:20,2,0,3
BRDA:20,2,1,0
BRF:6
BRH:5
end_of_record
